{"/Users/manikumarchintapalli/Desktop/Pracice_Manikumar/web-development-and-deployment-manikumarchintapall/source_code/server/index.js": {"path":"/Users/manikumarchintapalli/Desktop/Pracice_Manikumar/web-development-and-deployment-manikumarchintapall/source_code/server/index.js","statementMap":{"0":{"start":{"line":10,"column":0},"end":{"line":10,"column":16}},"1":{"start":{"line":11,"column":12},"end":{"line":11,"column":21}},"2":{"start":{"line":12,"column":25},"end":{"line":12,"column":59}},"3":{"start":{"line":14,"column":0},"end":{"line":17,"column":4}},"4":{"start":{"line":18,"column":0},"end":{"line":18,"column":24}},"5":{"start":{"line":19,"column":0},"end":{"line":21,"column":2}},"6":{"start":{"line":24,"column":0},"end":{"line":24,"column":15}},"7":{"start":{"line":27,"column":0},"end":{"line":27,"column":22}},"8":{"start":{"line":29,"column":0},"end":{"line":31,"column":3}},"9":{"start":{"line":30,"column":2},"end":{"line":30,"column":65}}},"fnMap":{"0":{"name":"(anonymous_0)","decl":{"start":{"line":29,"column":13},"end":{"line":29,"column":14}},"loc":{"start":{"line":29,"column":27},"end":{"line":31,"column":1}},"line":29}},"branchMap":{},"s":{"0":5,"1":5,"2":5,"3":5,"4":5,"5":5,"6":5,"7":5,"8":5,"9":0},"f":{"0":0},"b":{},"_coverageSchema":"1a1c01bbd47fc00a2c39e90264f33305004495a9","hash":"b393b9a3471cfa934c6f4cd7f6e71d2415fb9763"}
,"/Users/manikumarchintapalli/Desktop/Pracice_Manikumar/web-development-and-deployment-manikumarchintapall/source_code/server/models/Course.js": {"path":"/Users/manikumarchintapalli/Desktop/Pracice_Manikumar/web-development-and-deployment-manikumarchintapall/source_code/server/models/Course.js","statementMap":{"0":{"start":{"line":3,"column":21},"end":{"line":6,"column":2}},"1":{"start":{"line":8,"column":15},"end":{"line":8,"column":53}}},"fnMap":{},"branchMap":{},"s":{"0":5,"1":5},"f":{},"b":{},"_coverageSchema":"1a1c01bbd47fc00a2c39e90264f33305004495a9","hash":"802ad2ee2112237760e3836e2e251ed991fefdde"}
,"/Users/manikumarchintapalli/Desktop/Pracice_Manikumar/web-development-and-deployment-manikumarchintapall/source_code/server/models/DashboardStat.js": {"path":"/Users/manikumarchintapalli/Desktop/Pracice_Manikumar/web-development-and-deployment-manikumarchintapall/source_code/server/models/DashboardStat.js","statementMap":{"0":{"start":{"line":3,"column":28},"end":{"line":7,"column":2}},"1":{"start":{"line":9,"column":22},"end":{"line":9,"column":74}}},"fnMap":{},"branchMap":{},"s":{"0":5,"1":5},"f":{},"b":{},"_coverageSchema":"1a1c01bbd47fc00a2c39e90264f33305004495a9","hash":"7f3484d73a41ae2082164b74d63d7eb1d4d41048"}
,"/Users/manikumarchintapalli/Desktop/Pracice_Manikumar/web-development-and-deployment-manikumarchintapall/source_code/server/models/Problem.js": {"path":"/Users/manikumarchintapalli/Desktop/Pracice_Manikumar/web-development-and-deployment-manikumarchintapall/source_code/server/models/Problem.js","statementMap":{"0":{"start":{"line":3,"column":22},"end":{"line":14,"column":2}},"1":{"start":{"line":16,"column":16},"end":{"line":16,"column":56}}},"fnMap":{},"branchMap":{},"s":{"0":5,"1":5},"f":{},"b":{},"_coverageSchema":"1a1c01bbd47fc00a2c39e90264f33305004495a9","hash":"b22a633b2467dbeffba4863fc1cc32d60cd03d69"}
,"/Users/manikumarchintapalli/Desktop/Pracice_Manikumar/web-development-and-deployment-manikumarchintapall/source_code/server/models/Topic.js": {"path":"/Users/manikumarchintapalli/Desktop/Pracice_Manikumar/web-development-and-deployment-manikumarchintapall/source_code/server/models/Topic.js","statementMap":{"0":{"start":{"line":3,"column":20},"end":{"line":7,"column":4}},"1":{"start":{"line":9,"column":14},"end":{"line":9,"column":50}}},"fnMap":{},"branchMap":{},"s":{"0":5,"1":5},"f":{},"b":{},"_coverageSchema":"1a1c01bbd47fc00a2c39e90264f33305004495a9","hash":"bf691ac7cac03da2f78518c90c817fb16b59e4fe"}
,"/Users/manikumarchintapalli/Desktop/Pracice_Manikumar/web-development-and-deployment-manikumarchintapall/source_code/server/models/userSchema.js": {"path":"/Users/manikumarchintapalli/Desktop/Pracice_Manikumar/web-development-and-deployment-manikumarchintapall/source_code/server/models/userSchema.js","statementMap":{"0":{"start":{"line":5,"column":19},"end":{"line":31,"column":2}},"1":{"start":{"line":34,"column":0},"end":{"line":41,"column":3}},"2":{"start":{"line":35,"column":2},"end":{"line":40,"column":3}},"3":{"start":{"line":36,"column":4},"end":{"line":36,"column":57}},"4":{"start":{"line":37,"column":4},"end":{"line":37,"column":18}},"5":{"start":{"line":39,"column":4},"end":{"line":39,"column":23}},"6":{"start":{"line":44,"column":0},"end":{"line":54,"column":2}},"7":{"start":{"line":45,"column":2},"end":{"line":53,"column":4}},"8":{"start":{"line":60,"column":0},"end":{"line":62,"column":2}},"9":{"start":{"line":61,"column":2},"end":{"line":61,"column":60}},"10":{"start":{"line":64,"column":13},"end":{"line":64,"column":47}}},"fnMap":{"0":{"name":"(anonymous_0)","decl":{"start":{"line":34,"column":23},"end":{"line":34,"column":24}},"loc":{"start":{"line":34,"column":45},"end":{"line":41,"column":1}},"line":34},"1":{"name":"(anonymous_1)","decl":{"start":{"line":44,"column":38},"end":{"line":44,"column":39}},"loc":{"start":{"line":44,"column":50},"end":{"line":54,"column":1}},"line":44},"2":{"name":"(anonymous_2)","decl":{"start":{"line":60,"column":37},"end":{"line":60,"column":38}},"loc":{"start":{"line":60,"column":68},"end":{"line":62,"column":1}},"line":60}},"branchMap":{},"s":{"0":6,"1":6,"2":25,"3":25,"4":25,"5":0,"6":6,"7":27,"8":6,"9":20,"10":6},"f":{"0":25,"1":27,"2":20},"b":{},"_coverageSchema":"1a1c01bbd47fc00a2c39e90264f33305004495a9","hash":"fa2934f787408abf4e372e46aae97cd4e744c25d"}
,"/Users/manikumarchintapalli/Desktop/Pracice_Manikumar/web-development-and-deployment-manikumarchintapall/source_code/server/routes/analyze.js": {"path":"/Users/manikumarchintapalli/Desktop/Pracice_Manikumar/web-development-and-deployment-manikumarchintapall/source_code/server/routes/analyze.js","statementMap":{"0":{"start":{"line":82,"column":21},"end":{"line":82,"column":37}},"1":{"start":{"line":84,"column":0},"end":{"line":146,"column":3}},"2":{"start":{"line":85,"column":62},"end":{"line":85,"column":70}},"3":{"start":{"line":87,"column":2},"end":{"line":89,"column":3}},"4":{"start":{"line":88,"column":4},"end":{"line":88,"column":70}},"5":{"start":{"line":91,"column":17},"end":{"line":91,"column":47}},"6":{"start":{"line":93,"column":2},"end":{"line":95,"column":3}},"7":{"start":{"line":94,"column":4},"end":{"line":94,"column":73}},"8":{"start":{"line":97,"column":14},"end":{"line":97,"column":61}},"9":{"start":{"line":98,"column":15},"end":{"line":112,"column":3}},"10":{"start":{"line":113,"column":18},"end":{"line":116,"column":3}},"11":{"start":{"line":118,"column":2},"end":{"line":145,"column":3}},"12":{"start":{"line":119,"column":21},"end":{"line":122,"column":6}},"13":{"start":{"line":121,"column":28},"end":{"line":121,"column":32}},"14":{"start":{"line":124,"column":4},"end":{"line":128,"column":5}},"15":{"start":{"line":125,"column":6},"end":{"line":127,"column":73}},"16":{"start":{"line":130,"column":17},"end":{"line":130,"column":30}},"17":{"start":{"line":131,"column":21},"end":{"line":131,"column":57}},"18":{"start":{"line":133,"column":4},"end":{"line":137,"column":5}},"19":{"start":{"line":134,"column":6},"end":{"line":136,"column":65}},"20":{"start":{"line":139,"column":4},"end":{"line":139,"column":46}},"21":{"start":{"line":141,"column":4},"end":{"line":141,"column":80}},"22":{"start":{"line":142,"column":4},"end":{"line":144,"column":92}}},"fnMap":{"0":{"name":"(anonymous_0)","decl":{"start":{"line":84,"column":23},"end":{"line":84,"column":24}},"loc":{"start":{"line":84,"column":43},"end":{"line":146,"column":1}},"line":84},"1":{"name":"(anonymous_1)","decl":{"start":{"line":121,"column":22},"end":{"line":121,"column":23}},"loc":{"start":{"line":121,"column":28},"end":{"line":121,"column":32}},"line":121}},"branchMap":{"0":{"loc":{"start":{"line":87,"column":2},"end":{"line":89,"column":3}},"type":"if","locations":[{"start":{"line":87,"column":2},"end":{"line":89,"column":3}},{"start":{},"end":{}}],"line":87},"1":{"loc":{"start":{"line":87,"column":6},"end":{"line":87,"column":63}},"type":"binary-expr","locations":[{"start":{"line":87,"column":6},"end":{"line":87,"column":15}},{"start":{"line":87,"column":19},"end":{"line":87,"column":30}},{"start":{"line":87,"column":34},"end":{"line":87,"column":48}},{"start":{"line":87,"column":52},"end":{"line":87,"column":63}}],"line":87},"2":{"loc":{"start":{"line":93,"column":2},"end":{"line":95,"column":3}},"type":"if","locations":[{"start":{"line":93,"column":2},"end":{"line":95,"column":3}},{"start":{},"end":{}}],"line":93},"3":{"loc":{"start":{"line":124,"column":4},"end":{"line":128,"column":5}},"type":"if","locations":[{"start":{"line":124,"column":4},"end":{"line":128,"column":5}},{"start":{},"end":{}}],"line":124},"4":{"loc":{"start":{"line":133,"column":4},"end":{"line":137,"column":5}},"type":"if","locations":[{"start":{"line":133,"column":4},"end":{"line":137,"column":5}},{"start":{},"end":{}}],"line":133},"5":{"loc":{"start":{"line":141,"column":44},"end":{"line":141,"column":78}},"type":"binary-expr","locations":[{"start":{"line":141,"column":44},"end":{"line":141,"column":63}},{"start":{"line":141,"column":67},"end":{"line":141,"column":78}}],"line":141},"6":{"loc":{"start":{"line":144,"column":54},"end":{"line":144,"column":88}},"type":"binary-expr","locations":[{"start":{"line":144,"column":54},"end":{"line":144,"column":73}},{"start":{"line":144,"column":77},"end":{"line":144,"column":88}}],"line":144}},"s":{"0":6,"1":6,"2":12,"3":12,"4":6,"5":6,"6":6,"7":1,"8":5,"9":5,"10":5,"11":5,"12":5,"13":0,"14":4,"15":1,"16":3,"17":3,"18":3,"19":2,"20":1,"21":1,"22":1},"f":{"0":12,"1":0},"b":{"0":[6,6],"1":[12,10,9,7],"2":[1,5],"3":[1,3],"4":[2,1],"5":[1,1],"6":[1,1]},"_coverageSchema":"1a1c01bbd47fc00a2c39e90264f33305004495a9","hash":"02b0a48240278675dbdecb2d9d70fbdb824de47b"}
,"/Users/manikumarchintapalli/Desktop/Pracice_Manikumar/web-development-and-deployment-manikumarchintapall/source_code/server/routes/courseRoutes.js": {"path":"/Users/manikumarchintapalli/Desktop/Pracice_Manikumar/web-development-and-deployment-manikumarchintapall/source_code/server/routes/courseRoutes.js","statementMap":{"0":{"start":{"line":4,"column":21},"end":{"line":4,"column":37}},"1":{"start":{"line":7,"column":0},"end":{"line":14,"column":3}},"2":{"start":{"line":8,"column":2},"end":{"line":13,"column":3}},"3":{"start":{"line":9,"column":20},"end":{"line":9,"column":39}},"4":{"start":{"line":10,"column":4},"end":{"line":10,"column":22}},"5":{"start":{"line":12,"column":4},"end":{"line":12,"column":63}},"6":{"start":{"line":17,"column":0},"end":{"line":29,"column":3}},"7":{"start":{"line":18,"column":32},"end":{"line":18,"column":40}},"8":{"start":{"line":19,"column":2},"end":{"line":28,"column":3}},"9":{"start":{"line":20,"column":19},"end":{"line":20,"column":49}},"10":{"start":{"line":21,"column":4},"end":{"line":21,"column":80}},"11":{"start":{"line":21,"column":16},"end":{"line":21,"column":80}},"12":{"start":{"line":23,"column":19},"end":{"line":23,"column":52}},"13":{"start":{"line":24,"column":4},"end":{"line":24,"column":24}},"14":{"start":{"line":25,"column":4},"end":{"line":25,"column":33}},"15":{"start":{"line":27,"column":4},"end":{"line":27,"column":63}}},"fnMap":{"0":{"name":"(anonymous_0)","decl":{"start":{"line":7,"column":22},"end":{"line":7,"column":23}},"loc":{"start":{"line":7,"column":42},"end":{"line":14,"column":1}},"line":7},"1":{"name":"(anonymous_1)","decl":{"start":{"line":17,"column":23},"end":{"line":17,"column":24}},"loc":{"start":{"line":17,"column":43},"end":{"line":29,"column":1}},"line":17}},"branchMap":{"0":{"loc":{"start":{"line":21,"column":4},"end":{"line":21,"column":80}},"type":"if","locations":[{"start":{"line":21,"column":4},"end":{"line":21,"column":80}},{"start":{},"end":{}}],"line":21}},"s":{"0":5,"1":5,"2":2,"3":2,"4":2,"5":0,"6":5,"7":2,"8":2,"9":2,"10":2,"11":1,"12":1,"13":1,"14":1,"15":0},"f":{"0":2,"1":2},"b":{"0":[1,1]},"_coverageSchema":"1a1c01bbd47fc00a2c39e90264f33305004495a9","hash":"b2f235fe57ca3ec9b3ffabbdc807c9ad2f289c2d"}
,"/Users/manikumarchintapalli/Desktop/Pracice_Manikumar/web-development-and-deployment-manikumarchintapall/source_code/server/routes/dashboardRoutes.js": {"path":"/Users/manikumarchintapalli/Desktop/Pracice_Manikumar/web-development-and-deployment-manikumarchintapall/source_code/server/routes/dashboardRoutes.js","statementMap":{"0":{"start":{"line":5,"column":24},"end":{"line":5,"column":40}},"1":{"start":{"line":8,"column":18},"end":{"line":8,"column":51}},"2":{"start":{"line":8,"column":27},"end":{"line":8,"column":51}},"3":{"start":{"line":11,"column":0},"end":{"line":40,"column":3}},"4":{"start":{"line":12,"column":31},"end":{"line":12,"column":39}},"5":{"start":{"line":14,"column":2},"end":{"line":16,"column":3}},"6":{"start":{"line":15,"column":4},"end":{"line":15,"column":60}},"7":{"start":{"line":18,"column":26},"end":{"line":18,"column":42}},"8":{"start":{"line":20,"column":2},"end":{"line":39,"column":3}},"9":{"start":{"line":21,"column":21},"end":{"line":21,"column":76}},"10":{"start":{"line":23,"column":4},"end":{"line":33,"column":5}},"11":{"start":{"line":24,"column":6},"end":{"line":24,"column":30}},"12":{"start":{"line":25,"column":6},"end":{"line":25,"column":43}},"13":{"start":{"line":25,"column":21},"end":{"line":25,"column":43}},"14":{"start":{"line":26,"column":6},"end":{"line":26,"column":28}},"15":{"start":{"line":28,"column":6},"end":{"line":32,"column":9}},"16":{"start":{"line":35,"column":4},"end":{"line":35,"column":32}},"17":{"start":{"line":37,"column":4},"end":{"line":37,"column":56}},"18":{"start":{"line":38,"column":4},"end":{"line":38,"column":66}},"19":{"start":{"line":43,"column":0},"end":{"line":60,"column":3}},"20":{"start":{"line":44,"column":2},"end":{"line":59,"column":3}},"21":{"start":{"line":45,"column":23},"end":{"line":45,"column":49}},"22":{"start":{"line":46,"column":18},"end":{"line":46,"column":20}},"23":{"start":{"line":48,"column":4},"end":{"line":53,"column":5}},"24":{"start":{"line":49,"column":6},"end":{"line":52,"column":8}},"25":{"start":{"line":55,"column":4},"end":{"line":55,"column":20}},"26":{"start":{"line":57,"column":4},"end":{"line":57,"column":61}},"27":{"start":{"line":58,"column":4},"end":{"line":58,"column":71}},"28":{"start":{"line":63,"column":0},"end":{"line":78,"column":3}},"29":{"start":{"line":64,"column":2},"end":{"line":77,"column":3}},"30":{"start":{"line":65,"column":23},"end":{"line":65,"column":49}},"31":{"start":{"line":67,"column":4},"end":{"line":71,"column":5}},"32":{"start":{"line":68,"column":6},"end":{"line":68,"column":25}},"33":{"start":{"line":69,"column":6},"end":{"line":69,"column":23}},"34":{"start":{"line":70,"column":6},"end":{"line":70,"column":24}},"35":{"start":{"line":73,"column":4},"end":{"line":73,"column":32}},"36":{"start":{"line":75,"column":4},"end":{"line":75,"column":61}},"37":{"start":{"line":76,"column":4},"end":{"line":76,"column":71}}},"fnMap":{"0":{"name":"(anonymous_0)","decl":{"start":{"line":8,"column":18},"end":{"line":8,"column":19}},"loc":{"start":{"line":8,"column":27},"end":{"line":8,"column":51}},"line":8},"1":{"name":"(anonymous_1)","decl":{"start":{"line":11,"column":42},"end":{"line":11,"column":43}},"loc":{"start":{"line":11,"column":62},"end":{"line":40,"column":1}},"line":11},"2":{"name":"(anonymous_2)","decl":{"start":{"line":43,"column":40},"end":{"line":43,"column":41}},"loc":{"start":{"line":43,"column":60},"end":{"line":60,"column":1}},"line":43},"3":{"name":"(anonymous_3)","decl":{"start":{"line":63,"column":41},"end":{"line":63,"column":42}},"loc":{"start":{"line":63,"column":61},"end":{"line":78,"column":1}},"line":63}},"branchMap":{"0":{"loc":{"start":{"line":14,"column":2},"end":{"line":16,"column":3}},"type":"if","locations":[{"start":{"line":14,"column":2},"end":{"line":16,"column":3}},{"start":{},"end":{}}],"line":14},"1":{"loc":{"start":{"line":14,"column":6},"end":{"line":14,"column":48}},"type":"binary-expr","locations":[{"start":{"line":14,"column":6},"end":{"line":14,"column":31}},{"start":{"line":14,"column":35},"end":{"line":14,"column":48}}],"line":14},"2":{"loc":{"start":{"line":23,"column":4},"end":{"line":33,"column":5}},"type":"if","locations":[{"start":{"line":23,"column":4},"end":{"line":33,"column":5}},{"start":{"line":27,"column":11},"end":{"line":33,"column":5}}],"line":23},"3":{"loc":{"start":{"line":25,"column":6},"end":{"line":25,"column":43}},"type":"if","locations":[{"start":{"line":25,"column":6},"end":{"line":25,"column":43}},{"start":{},"end":{}}],"line":25},"4":{"loc":{"start":{"line":31,"column":17},"end":{"line":31,"column":34}},"type":"cond-expr","locations":[{"start":{"line":31,"column":29},"end":{"line":31,"column":30}},{"start":{"line":31,"column":33},"end":{"line":31,"column":34}}],"line":31}},"s":{"0":5,"1":5,"2":3,"3":5,"4":4,"5":4,"6":1,"7":3,"8":3,"9":3,"10":2,"11":1,"12":1,"13":0,"14":1,"15":1,"16":2,"17":1,"18":1,"19":5,"20":2,"21":2,"22":1,"23":1,"24":1,"25":1,"26":1,"27":1,"28":5,"29":2,"30":2,"31":1,"32":1,"33":1,"34":1,"35":1,"36":1,"37":1},"f":{"0":3,"1":4,"2":2,"3":2},"b":{"0":[1,3],"1":[4,4],"2":[1,1],"3":[0,1],"4":[1,0]},"_coverageSchema":"1a1c01bbd47fc00a2c39e90264f33305004495a9","hash":"8bfd6072878581e6ce25e09e8419dfcae04c7ba0"}
,"/Users/manikumarchintapalli/Desktop/Pracice_Manikumar/web-development-and-deployment-manikumarchintapall/source_code/server/routes/index.js": {"path":"/Users/manikumarchintapalli/Desktop/Pracice_Manikumar/web-development-and-deployment-manikumarchintapall/source_code/server/routes/index.js","statementMap":{"0":{"start":{"line":9,"column":25},"end":{"line":16,"column":1}},"1":{"start":{"line":10,"column":2},"end":{"line":10,"column":30}},"2":{"start":{"line":11,"column":2},"end":{"line":11,"column":40}},"3":{"start":{"line":12,"column":2},"end":{"line":12,"column":40}},"4":{"start":{"line":13,"column":2},"end":{"line":13,"column":45}},"5":{"start":{"line":14,"column":2},"end":{"line":14,"column":44}},"6":{"start":{"line":15,"column":2},"end":{"line":15,"column":38}}},"fnMap":{"0":{"name":"(anonymous_0)","decl":{"start":{"line":9,"column":25},"end":{"line":9,"column":26}},"loc":{"start":{"line":9,"column":34},"end":{"line":16,"column":1}},"line":9}},"branchMap":{},"s":{"0":5,"1":5,"2":5,"3":5,"4":5,"5":5,"6":5},"f":{"0":5},"b":{},"_coverageSchema":"1a1c01bbd47fc00a2c39e90264f33305004495a9","hash":"f4f3079ec7c31b4329014422ffd7c229d9f6a5be"}
,"/Users/manikumarchintapalli/Desktop/Pracice_Manikumar/web-development-and-deployment-manikumarchintapall/source_code/server/routes/questionRoutes.js": {"path":"/Users/manikumarchintapalli/Desktop/Pracice_Manikumar/web-development-and-deployment-manikumarchintapall/source_code/server/routes/questionRoutes.js","statementMap":{"0":{"start":{"line":5,"column":24},"end":{"line":5,"column":40}},"1":{"start":{"line":7,"column":20},"end":{"line":20,"column":1}},"2":{"start":{"line":8,"column":16},"end":{"line":8,"column":56}},"3":{"start":{"line":9,"column":2},"end":{"line":9,"column":81}},"4":{"start":{"line":9,"column":14},"end":{"line":9,"column":81}},"5":{"start":{"line":11,"column":2},"end":{"line":19,"column":3}},"6":{"start":{"line":12,"column":20},"end":{"line":12,"column":66}},"7":{"start":{"line":13,"column":4},"end":{"line":15,"column":5}},"8":{"start":{"line":14,"column":6},"end":{"line":14,"column":67}},"9":{"start":{"line":16,"column":4},"end":{"line":16,"column":29}},"10":{"start":{"line":18,"column":4},"end":{"line":18,"column":51}},"11":{"start":{"line":23,"column":0},"end":{"line":31,"column":3}},"12":{"start":{"line":24,"column":2},"end":{"line":30,"column":3}},"13":{"start":{"line":25,"column":21},"end":{"line":25,"column":41}},"14":{"start":{"line":26,"column":4},"end":{"line":26,"column":23}},"15":{"start":{"line":28,"column":4},"end":{"line":28,"column":54}},"16":{"start":{"line":29,"column":4},"end":{"line":29,"column":64}},"17":{"start":{"line":34,"column":0},"end":{"line":49,"column":3}},"18":{"start":{"line":35,"column":15},"end":{"line":35,"column":36}},"19":{"start":{"line":36,"column":2},"end":{"line":36,"column":77}},"20":{"start":{"line":36,"column":18},"end":{"line":36,"column":77}},"21":{"start":{"line":38,"column":2},"end":{"line":48,"column":3}},"22":{"start":{"line":39,"column":76},"end":{"line":39,"column":84}},"23":{"start":{"line":41,"column":20},"end":{"line":41,"column":96}},"24":{"start":{"line":42,"column":4},"end":{"line":42,"column":25}},"25":{"start":{"line":44,"column":4},"end":{"line":44,"column":34}},"26":{"start":{"line":46,"column":4},"end":{"line":46,"column":54}},"27":{"start":{"line":47,"column":4},"end":{"line":47,"column":64}},"28":{"start":{"line":52,"column":0},"end":{"line":63,"column":3}},"29":{"start":{"line":53,"column":15},"end":{"line":53,"column":36}},"30":{"start":{"line":54,"column":2},"end":{"line":54,"column":77}},"31":{"start":{"line":54,"column":18},"end":{"line":54,"column":77}},"32":{"start":{"line":56,"column":2},"end":{"line":62,"column":3}},"33":{"start":{"line":57,"column":20},"end":{"line":57,"column":91}},"34":{"start":{"line":58,"column":4},"end":{"line":58,"column":22}},"35":{"start":{"line":60,"column":4},"end":{"line":60,"column":54}},"36":{"start":{"line":61,"column":4},"end":{"line":61,"column":64}},"37":{"start":{"line":66,"column":0},"end":{"line":77,"column":3}},"38":{"start":{"line":67,"column":15},"end":{"line":67,"column":36}},"39":{"start":{"line":68,"column":2},"end":{"line":68,"column":77}},"40":{"start":{"line":68,"column":18},"end":{"line":68,"column":77}},"41":{"start":{"line":70,"column":2},"end":{"line":76,"column":3}},"42":{"start":{"line":71,"column":4},"end":{"line":71,"column":51}},"43":{"start":{"line":72,"column":4},"end":{"line":72,"column":45}},"44":{"start":{"line":74,"column":4},"end":{"line":74,"column":54}},"45":{"start":{"line":75,"column":4},"end":{"line":75,"column":64}}},"fnMap":{"0":{"name":"(anonymous_0)","decl":{"start":{"line":7,"column":20},"end":{"line":7,"column":21}},"loc":{"start":{"line":7,"column":34},"end":{"line":20,"column":1}},"line":7},"1":{"name":"(anonymous_1)","decl":{"start":{"line":23,"column":25},"end":{"line":23,"column":26}},"loc":{"start":{"line":23,"column":45},"end":{"line":31,"column":1}},"line":23},"2":{"name":"(anonymous_2)","decl":{"start":{"line":34,"column":26},"end":{"line":34,"column":27}},"loc":{"start":{"line":34,"column":46},"end":{"line":49,"column":1}},"line":34},"3":{"name":"(anonymous_3)","decl":{"start":{"line":52,"column":28},"end":{"line":52,"column":29}},"loc":{"start":{"line":52,"column":48},"end":{"line":63,"column":1}},"line":52},"4":{"name":"(anonymous_4)","decl":{"start":{"line":66,"column":31},"end":{"line":66,"column":32}},"loc":{"start":{"line":66,"column":51},"end":{"line":77,"column":1}},"line":66}},"branchMap":{"0":{"loc":{"start":{"line":9,"column":2},"end":{"line":9,"column":81}},"type":"if","locations":[{"start":{"line":9,"column":2},"end":{"line":9,"column":81}},{"start":{},"end":{}}],"line":9},"1":{"loc":{"start":{"line":13,"column":4},"end":{"line":15,"column":5}},"type":"if","locations":[{"start":{"line":13,"column":4},"end":{"line":15,"column":5}},{"start":{},"end":{}}],"line":13},"2":{"loc":{"start":{"line":36,"column":2},"end":{"line":36,"column":77}},"type":"if","locations":[{"start":{"line":36,"column":2},"end":{"line":36,"column":77}},{"start":{},"end":{}}],"line":36},"3":{"loc":{"start":{"line":54,"column":2},"end":{"line":54,"column":77}},"type":"if","locations":[{"start":{"line":54,"column":2},"end":{"line":54,"column":77}},{"start":{},"end":{}}],"line":54},"4":{"loc":{"start":{"line":68,"column":2},"end":{"line":68,"column":77}},"type":"if","locations":[{"start":{"line":68,"column":2},"end":{"line":68,"column":77}},{"start":{},"end":{}}],"line":68}},"s":{"0":5,"1":5,"2":10,"3":10,"4":1,"5":9,"6":9,"7":8,"8":0,"9":8,"10":1,"11":5,"12":2,"13":2,"14":1,"15":1,"16":1,"17":5,"18":6,"19":6,"20":2,"21":4,"22":4,"23":4,"24":4,"25":3,"26":1,"27":1,"28":5,"29":2,"30":2,"31":0,"32":2,"33":2,"34":1,"35":1,"36":1,"37":5,"38":2,"39":2,"40":0,"41":2,"42":2,"43":1,"44":1,"45":1},"f":{"0":10,"1":2,"2":6,"3":2,"4":2},"b":{"0":[1,9],"1":[0,8],"2":[2,4],"3":[0,2],"4":[0,2]},"_coverageSchema":"1a1c01bbd47fc00a2c39e90264f33305004495a9","hash":"1ac7858c122c943fb6181dda9fb1845e3b1ee2d3"}
,"/Users/manikumarchintapalli/Desktop/Pracice_Manikumar/web-development-and-deployment-manikumarchintapall/source_code/server/routes/topicRoutes.js": {"path":"/Users/manikumarchintapalli/Desktop/Pracice_Manikumar/web-development-and-deployment-manikumarchintapall/source_code/server/routes/topicRoutes.js","statementMap":{"0":{"start":{"line":5,"column":20},"end":{"line":5,"column":36}},"1":{"start":{"line":8,"column":0},"end":{"line":17,"column":3}},"2":{"start":{"line":9,"column":23},"end":{"line":9,"column":32}},"3":{"start":{"line":10,"column":2},"end":{"line":16,"column":3}},"4":{"start":{"line":11,"column":19},"end":{"line":11,"column":55}},"5":{"start":{"line":12,"column":19},"end":{"line":12,"column":62}},"6":{"start":{"line":13,"column":4},"end":{"line":13,"column":21}},"7":{"start":{"line":15,"column":4},"end":{"line":15,"column":62}},"8":{"start":{"line":20,"column":0},"end":{"line":44,"column":3}},"9":{"start":{"line":21,"column":2},"end":{"line":43,"column":3}},"10":{"start":{"line":22,"column":29},"end":{"line":22,"column":37}},"11":{"start":{"line":24,"column":4},"end":{"line":26,"column":5}},"12":{"start":{"line":25,"column":6},"end":{"line":25,"column":83}},"13":{"start":{"line":28,"column":17},"end":{"line":28,"column":47}},"14":{"start":{"line":31,"column":21},"end":{"line":31,"column":58}},"15":{"start":{"line":32,"column":4},"end":{"line":34,"column":5}},"16":{"start":{"line":33,"column":6},"end":{"line":33,"column":85}},"17":{"start":{"line":36,"column":18},"end":{"line":36,"column":51}},"18":{"start":{"line":37,"column":4},"end":{"line":37,"column":23}},"19":{"start":{"line":39,"column":4},"end":{"line":39,"column":32}},"20":{"start":{"line":41,"column":4},"end":{"line":41,"column":60}},"21":{"start":{"line":42,"column":4},"end":{"line":42,"column":84}}},"fnMap":{"0":{"name":"(anonymous_0)","decl":{"start":{"line":8,"column":21},"end":{"line":8,"column":22}},"loc":{"start":{"line":8,"column":41},"end":{"line":17,"column":1}},"line":8},"1":{"name":"(anonymous_1)","decl":{"start":{"line":20,"column":22},"end":{"line":20,"column":23}},"loc":{"start":{"line":20,"column":42},"end":{"line":44,"column":1}},"line":20}},"branchMap":{"0":{"loc":{"start":{"line":11,"column":19},"end":{"line":11,"column":55}},"type":"cond-expr","locations":[{"start":{"line":11,"column":30},"end":{"line":11,"column":50}},{"start":{"line":11,"column":53},"end":{"line":11,"column":55}}],"line":11},"1":{"loc":{"start":{"line":24,"column":4},"end":{"line":26,"column":5}},"type":"if","locations":[{"start":{"line":24,"column":4},"end":{"line":26,"column":5}},{"start":{},"end":{}}],"line":24},"2":{"loc":{"start":{"line":24,"column":8},"end":{"line":24,"column":24}},"type":"binary-expr","locations":[{"start":{"line":24,"column":8},"end":{"line":24,"column":13}},{"start":{"line":24,"column":17},"end":{"line":24,"column":24}}],"line":24},"3":{"loc":{"start":{"line":32,"column":4},"end":{"line":34,"column":5}},"type":"if","locations":[{"start":{"line":32,"column":4},"end":{"line":34,"column":5}},{"start":{},"end":{}}],"line":32}},"s":{"0":5,"1":5,"2":3,"3":3,"4":3,"5":3,"6":3,"7":0,"8":5,"9":5,"10":5,"11":5,"12":1,"13":4,"14":4,"15":4,"16":1,"17":3,"18":3,"19":2,"20":1,"21":1},"f":{"0":3,"1":5},"b":{"0":[1,2],"1":[1,4],"2":[5,4],"3":[1,3]},"_coverageSchema":"1a1c01bbd47fc00a2c39e90264f33305004495a9","hash":"4e8a7dfeb06ede5d88d0e0928e2162e61db3cf28"}
,"/Users/manikumarchintapalli/Desktop/Pracice_Manikumar/web-development-and-deployment-manikumarchintapall/source_code/server/routes/user.js": {"path":"/Users/manikumarchintapalli/Desktop/Pracice_Manikumar/web-development-and-deployment-manikumarchintapall/source_code/server/routes/user.js","statementMap":{"0":{"start":{"line":7,"column":19},"end":{"line":7,"column":27}},"1":{"start":{"line":10,"column":26},"end":{"line":10,"column":78}},"2":{"start":{"line":10,"column":37},"end":{"line":10,"column":78}},"3":{"start":{"line":13,"column":0},"end":{"line":29,"column":3}},"4":{"start":{"line":14,"column":2},"end":{"line":28,"column":3}},"5":{"start":{"line":15,"column":32},"end":{"line":15,"column":40}},"6":{"start":{"line":16,"column":17},"end":{"line":16,"column":46}},"7":{"start":{"line":18,"column":4},"end":{"line":18,"column":62}},"8":{"start":{"line":18,"column":15},"end":{"line":18,"column":62}},"9":{"start":{"line":19,"column":4},"end":{"line":19,"column":89}},"10":{"start":{"line":19,"column":30},"end":{"line":19,"column":89}},"11":{"start":{"line":21,"column":20},"end":{"line":21,"column":56}},"12":{"start":{"line":22,"column":4},"end":{"line":22,"column":74}},"13":{"start":{"line":22,"column":18},"end":{"line":22,"column":74}},"14":{"start":{"line":24,"column":4},"end":{"line":24,"column":45}},"15":{"start":{"line":26,"column":4},"end":{"line":26,"column":53}},"16":{"start":{"line":27,"column":4},"end":{"line":27,"column":60}},"17":{"start":{"line":32,"column":0},"end":{"line":48,"column":3}},"18":{"start":{"line":33,"column":2},"end":{"line":47,"column":3}},"19":{"start":{"line":34,"column":32},"end":{"line":34,"column":40}},"20":{"start":{"line":35,"column":18},"end":{"line":35,"column":47}},"21":{"start":{"line":37,"column":4},"end":{"line":37,"column":64}},"22":{"start":{"line":37,"column":16},"end":{"line":37,"column":64}},"23":{"start":{"line":38,"column":4},"end":{"line":38,"column":92}},"24":{"start":{"line":38,"column":32},"end":{"line":38,"column":92}},"25":{"start":{"line":40,"column":20},"end":{"line":40,"column":57}},"26":{"start":{"line":41,"column":4},"end":{"line":41,"column":74}},"27":{"start":{"line":41,"column":18},"end":{"line":41,"column":74}},"28":{"start":{"line":43,"column":4},"end":{"line":43,"column":46}},"29":{"start":{"line":45,"column":4},"end":{"line":45,"column":59}},"30":{"start":{"line":46,"column":4},"end":{"line":46,"column":60}},"31":{"start":{"line":51,"column":0},"end":{"line":80,"column":3}},"32":{"start":{"line":52,"column":2},"end":{"line":79,"column":3}},"33":{"start":{"line":53,"column":79},"end":{"line":53,"column":87}},"34":{"start":{"line":55,"column":4},"end":{"line":57,"column":5}},"35":{"start":{"line":56,"column":6},"end":{"line":56,"column":62}},"36":{"start":{"line":59,"column":4},"end":{"line":61,"column":5}},"37":{"start":{"line":60,"column":6},"end":{"line":60,"column":61}},"38":{"start":{"line":63,"column":25},"end":{"line":63,"column":54}},"39":{"start":{"line":64,"column":4},"end":{"line":64,"column":74}},"40":{"start":{"line":64,"column":22},"end":{"line":64,"column":74}},"41":{"start":{"line":66,"column":20},"end":{"line":73,"column":6}},"42":{"start":{"line":75,"column":4},"end":{"line":75,"column":60}},"43":{"start":{"line":77,"column":4},"end":{"line":77,"column":52}},"44":{"start":{"line":78,"column":4},"end":{"line":78,"column":92}},"45":{"start":{"line":83,"column":0},"end":{"line":95,"column":3}},"46":{"start":{"line":84,"column":2},"end":{"line":94,"column":3}},"47":{"start":{"line":85,"column":17},"end":{"line":85,"column":72}},"48":{"start":{"line":86,"column":4},"end":{"line":86,"column":74}},"49":{"start":{"line":86,"column":15},"end":{"line":86,"column":74}},"50":{"start":{"line":87,"column":4},"end":{"line":87,"column":26}},"51":{"start":{"line":89,"column":4},"end":{"line":91,"column":5}},"52":{"start":{"line":90,"column":6},"end":{"line":90,"column":60}},"53":{"start":{"line":92,"column":4},"end":{"line":92,"column":59}},"54":{"start":{"line":93,"column":4},"end":{"line":93,"column":65}},"55":{"start":{"line":98,"column":0},"end":{"line":113,"column":3}},"56":{"start":{"line":99,"column":2},"end":{"line":112,"column":3}},"57":{"start":{"line":100,"column":24},"end":{"line":103,"column":6}},"58":{"start":{"line":104,"column":4},"end":{"line":104,"column":69}},"59":{"start":{"line":104,"column":22},"end":{"line":104,"column":69}},"60":{"start":{"line":105,"column":4},"end":{"line":105,"column":45}},"61":{"start":{"line":107,"column":4},"end":{"line":109,"column":5}},"62":{"start":{"line":108,"column":6},"end":{"line":108,"column":60}},"63":{"start":{"line":110,"column":4},"end":{"line":110,"column":52}},"64":{"start":{"line":111,"column":4},"end":{"line":111,"column":65}},"65":{"start":{"line":116,"column":0},"end":{"line":128,"column":3}},"66":{"start":{"line":117,"column":2},"end":{"line":127,"column":3}},"67":{"start":{"line":118,"column":24},"end":{"line":118,"column":71}},"68":{"start":{"line":119,"column":4},"end":{"line":119,"column":69}},"69":{"start":{"line":119,"column":22},"end":{"line":119,"column":69}},"70":{"start":{"line":120,"column":4},"end":{"line":120,"column":61}},"71":{"start":{"line":122,"column":4},"end":{"line":124,"column":5}},"72":{"start":{"line":123,"column":6},"end":{"line":123,"column":60}},"73":{"start":{"line":125,"column":4},"end":{"line":125,"column":52}},"74":{"start":{"line":126,"column":4},"end":{"line":126,"column":65}}},"fnMap":{"0":{"name":"(anonymous_0)","decl":{"start":{"line":10,"column":26},"end":{"line":10,"column":27}},"loc":{"start":{"line":10,"column":37},"end":{"line":10,"column":78}},"line":10},"1":{"name":"(anonymous_1)","decl":{"start":{"line":13,"column":33},"end":{"line":13,"column":34}},"loc":{"start":{"line":13,"column":53},"end":{"line":29,"column":1}},"line":13},"2":{"name":"(anonymous_2)","decl":{"start":{"line":32,"column":34},"end":{"line":32,"column":35}},"loc":{"start":{"line":32,"column":54},"end":{"line":48,"column":1}},"line":32},"3":{"name":"(anonymous_3)","decl":{"start":{"line":51,"column":33},"end":{"line":51,"column":34}},"loc":{"start":{"line":51,"column":53},"end":{"line":80,"column":1}},"line":51},"4":{"name":"(anonymous_4)","decl":{"start":{"line":83,"column":40},"end":{"line":83,"column":41}},"loc":{"start":{"line":83,"column":60},"end":{"line":95,"column":1}},"line":83},"5":{"name":"(anonymous_5)","decl":{"start":{"line":98,"column":40},"end":{"line":98,"column":41}},"loc":{"start":{"line":98,"column":60},"end":{"line":113,"column":1}},"line":98},"6":{"name":"(anonymous_6)","decl":{"start":{"line":116,"column":43},"end":{"line":116,"column":44}},"loc":{"start":{"line":116,"column":63},"end":{"line":128,"column":1}},"line":116}},"branchMap":{"0":{"loc":{"start":{"line":18,"column":4},"end":{"line":18,"column":62}},"type":"if","locations":[{"start":{"line":18,"column":4},"end":{"line":18,"column":62}},{"start":{},"end":{}}],"line":18},"1":{"loc":{"start":{"line":19,"column":4},"end":{"line":19,"column":89}},"type":"if","locations":[{"start":{"line":19,"column":4},"end":{"line":19,"column":89}},{"start":{},"end":{}}],"line":19},"2":{"loc":{"start":{"line":22,"column":4},"end":{"line":22,"column":74}},"type":"if","locations":[{"start":{"line":22,"column":4},"end":{"line":22,"column":74}},{"start":{},"end":{}}],"line":22},"3":{"loc":{"start":{"line":37,"column":4},"end":{"line":37,"column":64}},"type":"if","locations":[{"start":{"line":37,"column":4},"end":{"line":37,"column":64}},{"start":{},"end":{}}],"line":37},"4":{"loc":{"start":{"line":38,"column":4},"end":{"line":38,"column":92}},"type":"if","locations":[{"start":{"line":38,"column":4},"end":{"line":38,"column":92}},{"start":{},"end":{}}],"line":38},"5":{"loc":{"start":{"line":41,"column":4},"end":{"line":41,"column":74}},"type":"if","locations":[{"start":{"line":41,"column":4},"end":{"line":41,"column":74}},{"start":{},"end":{}}],"line":41},"6":{"loc":{"start":{"line":55,"column":4},"end":{"line":57,"column":5}},"type":"if","locations":[{"start":{"line":55,"column":4},"end":{"line":57,"column":5}},{"start":{},"end":{}}],"line":55},"7":{"loc":{"start":{"line":55,"column":8},"end":{"line":55,"column":80}},"type":"binary-expr","locations":[{"start":{"line":55,"column":8},"end":{"line":55,"column":14}},{"start":{"line":55,"column":18},"end":{"line":55,"column":27}},{"start":{"line":55,"column":31},"end":{"line":55,"column":47}},{"start":{"line":55,"column":51},"end":{"line":55,"column":60}},{"start":{"line":55,"column":64},"end":{"line":55,"column":72}},{"start":{"line":55,"column":76},"end":{"line":55,"column":80}}],"line":55},"8":{"loc":{"start":{"line":59,"column":4},"end":{"line":61,"column":5}},"type":"if","locations":[{"start":{"line":59,"column":4},"end":{"line":61,"column":5}},{"start":{},"end":{}}],"line":59},"9":{"loc":{"start":{"line":64,"column":4},"end":{"line":64,"column":74}},"type":"if","locations":[{"start":{"line":64,"column":4},"end":{"line":64,"column":74}},{"start":{},"end":{}}],"line":64},"10":{"loc":{"start":{"line":72,"column":12},"end":{"line":72,"column":47}},"type":"cond-expr","locations":[{"start":{"line":72,"column":31},"end":{"line":72,"column":38}},{"start":{"line":72,"column":41},"end":{"line":72,"column":47}}],"line":72},"11":{"loc":{"start":{"line":86,"column":4},"end":{"line":86,"column":74}},"type":"if","locations":[{"start":{"line":86,"column":4},"end":{"line":86,"column":74}},{"start":{},"end":{}}],"line":86},"12":{"loc":{"start":{"line":89,"column":4},"end":{"line":91,"column":5}},"type":"if","locations":[{"start":{"line":89,"column":4},"end":{"line":91,"column":5}},{"start":{},"end":{}}],"line":89},"13":{"loc":{"start":{"line":104,"column":4},"end":{"line":104,"column":69}},"type":"if","locations":[{"start":{"line":104,"column":4},"end":{"line":104,"column":69}},{"start":{},"end":{}}],"line":104},"14":{"loc":{"start":{"line":107,"column":4},"end":{"line":109,"column":5}},"type":"if","locations":[{"start":{"line":107,"column":4},"end":{"line":109,"column":5}},{"start":{},"end":{}}],"line":107},"15":{"loc":{"start":{"line":119,"column":4},"end":{"line":119,"column":69}},"type":"if","locations":[{"start":{"line":119,"column":4},"end":{"line":119,"column":69}},{"start":{},"end":{}}],"line":119},"16":{"loc":{"start":{"line":122,"column":4},"end":{"line":124,"column":5}},"type":"if","locations":[{"start":{"line":122,"column":4},"end":{"line":124,"column":5}},{"start":{},"end":{}}],"line":122}},"s":{"0":5,"1":5,"2":6,"3":5,"4":12,"5":12,"6":12,"7":11,"8":1,"9":10,"10":1,"11":9,"12":9,"13":1,"14":8,"15":1,"16":1,"17":5,"18":10,"19":10,"20":10,"21":10,"22":0,"23":10,"24":1,"25":9,"26":9,"27":0,"28":9,"29":0,"30":0,"31":5,"32":13,"33":13,"34":13,"35":1,"36":12,"37":1,"38":11,"39":11,"40":1,"41":10,"42":9,"43":1,"44":1,"45":5,"46":3,"47":3,"48":1,"49":0,"50":1,"51":2,"52":1,"53":1,"54":1,"55":5,"56":3,"57":3,"58":1,"59":0,"60":1,"61":2,"62":1,"63":1,"64":1,"65":5,"66":3,"67":3,"68":1,"69":0,"70":1,"71":2,"72":1,"73":1,"74":1},"f":{"0":6,"1":12,"2":10,"3":13,"4":3,"5":3,"6":3},"b":{"0":[1,10],"1":[1,9],"2":[1,8],"3":[0,10],"4":[1,9],"5":[0,9],"6":[1,12],"7":[13,12,12,12,12,12],"8":[1,11],"9":[1,10],"10":[2,8],"11":[0,1],"12":[1,1],"13":[0,1],"14":[1,1],"15":[0,1],"16":[1,1]},"_coverageSchema":"1a1c01bbd47fc00a2c39e90264f33305004495a9","hash":"c4e416243ca01ca87aa56110ffa4a1371f3dab08"}
,"/Users/manikumarchintapalli/Desktop/Pracice_Manikumar/web-development-and-deployment-manikumarchintapall/source_code/server/startup/db.js": {"path":"/Users/manikumarchintapalli/Desktop/Pracice_Manikumar/web-development-and-deployment-manikumarchintapall/source_code/server/startup/db.js","statementMap":{"0":{"start":{"line":18,"column":21},"end":{"line":38,"column":1}},"1":{"start":{"line":19,"column":17},"end":{"line":21,"column":30}},"2":{"start":{"line":23,"column":2},"end":{"line":26,"column":3}},"3":{"start":{"line":24,"column":4},"end":{"line":24,"column":75}},"4":{"start":{"line":25,"column":4},"end":{"line":25,"column":20}},"5":{"start":{"line":28,"column":2},"end":{"line":37,"column":3}},"6":{"start":{"line":29,"column":4},"end":{"line":32,"column":7}},"7":{"start":{"line":33,"column":4},"end":{"line":33,"column":52}},"8":{"start":{"line":35,"column":4},"end":{"line":35,"column":63}},"9":{"start":{"line":36,"column":4},"end":{"line":36,"column":20}}},"fnMap":{"0":{"name":"(anonymous_0)","decl":{"start":{"line":18,"column":21},"end":{"line":18,"column":22}},"loc":{"start":{"line":18,"column":33},"end":{"line":38,"column":1}},"line":18}},"branchMap":{"0":{"loc":{"start":{"line":19,"column":17},"end":{"line":21,"column":30}},"type":"cond-expr","locations":[{"start":{"line":20,"column":6},"end":{"line":20,"column":32}},{"start":{"line":21,"column":6},"end":{"line":21,"column":30}}],"line":19},"1":{"loc":{"start":{"line":23,"column":2},"end":{"line":26,"column":3}},"type":"if","locations":[{"start":{"line":23,"column":2},"end":{"line":26,"column":3}},{"start":{},"end":{}}],"line":23}},"s":{"0":5,"1":5,"2":5,"3":0,"4":0,"5":5,"6":5,"7":5,"8":0,"9":0},"f":{"0":5},"b":{"0":[5,0],"1":[0,5]},"_coverageSchema":"1a1c01bbd47fc00a2c39e90264f33305004495a9","hash":"fd9c82328073696918f61f1340d0e580d0c8348a"}
}
