TN:
SF:index.js
FN:29,(anonymous_0)
FNF:1
FNH:0
FNDA:0,(anonymous_0)
DA:10,5
DA:11,5
DA:12,5
DA:14,5
DA:18,5
DA:19,5
DA:24,5
DA:27,5
DA:29,5
DA:30,0
LF:10
LH:9
BRF:0
BRH:0
end_of_record
TN:
SF:models/Course.js
FNF:0
FNH:0
DA:3,5
DA:8,5
LF:2
LH:2
BRF:0
BRH:0
end_of_record
TN:
SF:models/DashboardStat.js
FNF:0
FNH:0
DA:3,5
DA:9,5
LF:2
LH:2
BRF:0
BRH:0
end_of_record
TN:
SF:models/Problem.js
FNF:0
FNH:0
DA:3,5
DA:16,5
LF:2
LH:2
BRF:0
BRH:0
end_of_record
TN:
SF:models/Topic.js
FNF:0
FNH:0
DA:3,5
DA:9,5
LF:2
LH:2
BRF:0
BRH:0
end_of_record
TN:
SF:models/userSchema.js
FN:34,(anonymous_0)
FN:44,(anonymous_1)
FN:60,(anonymous_2)
FNF:3
FNH:3
FNDA:25,(anonymous_0)
FNDA:27,(anonymous_1)
FNDA:20,(anonymous_2)
DA:5,6
DA:34,6
DA:35,25
DA:36,25
DA:37,25
DA:39,0
DA:44,6
DA:45,27
DA:60,6
DA:61,20
DA:64,6
LF:11
LH:10
BRF:0
BRH:0
end_of_record
TN:
SF:routes/analyze.js
FN:84,(anonymous_0)
FN:121,(anonymous_1)
FNF:2
FNH:1
FNDA:12,(anonymous_0)
FNDA:0,(anonymous_1)
DA:82,6
DA:84,6
DA:85,12
DA:87,12
DA:88,6
DA:91,6
DA:93,6
DA:94,1
DA:97,5
DA:98,5
DA:113,5
DA:118,5
DA:119,5
DA:121,0
DA:124,4
DA:125,1
DA:130,3
DA:131,3
DA:133,3
DA:134,2
DA:139,1
DA:141,1
DA:142,1
LF:23
LH:22
BRDA:87,0,0,6
BRDA:87,0,1,6
BRDA:87,1,0,12
BRDA:87,1,1,10
BRDA:87,1,2,9
BRDA:87,1,3,7
BRDA:93,2,0,1
BRDA:93,2,1,5
BRDA:124,3,0,1
BRDA:124,3,1,3
BRDA:133,4,0,2
BRDA:133,4,1,1
BRDA:141,5,0,1
BRDA:141,5,1,1
BRDA:144,6,0,1
BRDA:144,6,1,1
BRF:16
BRH:16
end_of_record
TN:
SF:routes/courseRoutes.js
FN:7,(anonymous_0)
FN:17,(anonymous_1)
FNF:2
FNH:2
FNDA:2,(anonymous_0)
FNDA:2,(anonymous_1)
DA:4,5
DA:7,5
DA:8,2
DA:9,2
DA:10,2
DA:12,0
DA:17,5
DA:18,2
DA:19,2
DA:20,2
DA:21,2
DA:23,1
DA:24,1
DA:25,1
DA:27,0
LF:15
LH:13
BRDA:21,0,0,1
BRDA:21,0,1,1
BRF:2
BRH:2
end_of_record
TN:
SF:routes/dashboardRoutes.js
FN:8,(anonymous_0)
FN:11,(anonymous_1)
FN:43,(anonymous_2)
FN:63,(anonymous_3)
FNF:4
FNH:4
FNDA:3,(anonymous_0)
FNDA:4,(anonymous_1)
FNDA:2,(anonymous_2)
FNDA:2,(anonymous_3)
DA:5,5
DA:8,5
DA:11,5
DA:12,4
DA:14,4
DA:15,1
DA:18,3
DA:20,3
DA:21,3
DA:23,2
DA:24,1
DA:25,1
DA:26,1
DA:28,1
DA:35,2
DA:37,1
DA:38,1
DA:43,5
DA:44,2
DA:45,2
DA:46,1
DA:48,1
DA:49,1
DA:55,1
DA:57,1
DA:58,1
DA:63,5
DA:64,2
DA:65,2
DA:67,1
DA:68,1
DA:69,1
DA:70,1
DA:73,1
DA:75,1
DA:76,1
LF:36
LH:36
BRDA:14,0,0,1
BRDA:14,0,1,3
BRDA:14,1,0,4
BRDA:14,1,1,4
BRDA:23,2,0,1
BRDA:23,2,1,1
BRDA:25,3,0,0
BRDA:25,3,1,1
BRDA:31,4,0,1
BRDA:31,4,1,0
BRF:10
BRH:8
end_of_record
TN:
SF:routes/index.js
FN:9,(anonymous_0)
FNF:1
FNH:1
FNDA:5,(anonymous_0)
DA:9,5
DA:10,5
DA:11,5
DA:12,5
DA:13,5
DA:14,5
DA:15,5
LF:7
LH:7
BRF:0
BRH:0
end_of_record
TN:
SF:routes/questionRoutes.js
FN:7,(anonymous_0)
FN:23,(anonymous_1)
FN:34,(anonymous_2)
FN:52,(anonymous_3)
FN:66,(anonymous_4)
FNF:5
FNH:5
FNDA:10,(anonymous_0)
FNDA:2,(anonymous_1)
FNDA:6,(anonymous_2)
FNDA:2,(anonymous_3)
FNDA:2,(anonymous_4)
DA:5,5
DA:7,5
DA:8,10
DA:9,10
DA:11,9
DA:12,9
DA:13,8
DA:14,0
DA:16,8
DA:18,1
DA:23,5
DA:24,2
DA:25,2
DA:26,1
DA:28,1
DA:29,1
DA:34,5
DA:35,6
DA:36,6
DA:38,4
DA:39,4
DA:41,4
DA:42,4
DA:44,3
DA:46,1
DA:47,1
DA:52,5
DA:53,2
DA:54,2
DA:56,2
DA:57,2
DA:58,1
DA:60,1
DA:61,1
DA:66,5
DA:67,2
DA:68,2
DA:70,2
DA:71,2
DA:72,1
DA:74,1
DA:75,1
LF:42
LH:41
BRDA:9,0,0,1
BRDA:9,0,1,9
BRDA:13,1,0,0
BRDA:13,1,1,8
BRDA:36,2,0,2
BRDA:36,2,1,4
BRDA:54,3,0,0
BRDA:54,3,1,2
BRDA:68,4,0,0
BRDA:68,4,1,2
BRF:10
BRH:7
end_of_record
TN:
SF:routes/topicRoutes.js
FN:8,(anonymous_0)
FN:20,(anonymous_1)
FNF:2
FNH:2
FNDA:3,(anonymous_0)
FNDA:5,(anonymous_1)
DA:5,5
DA:8,5
DA:9,3
DA:10,3
DA:11,3
DA:12,3
DA:13,3
DA:15,0
DA:20,5
DA:21,5
DA:22,5
DA:24,5
DA:25,1
DA:28,4
DA:31,4
DA:32,4
DA:33,1
DA:36,3
DA:37,3
DA:39,2
DA:41,1
DA:42,1
LF:22
LH:21
BRDA:11,0,0,1
BRDA:11,0,1,2
BRDA:24,1,0,1
BRDA:24,1,1,4
BRDA:24,2,0,5
BRDA:24,2,1,4
BRDA:32,3,0,1
BRDA:32,3,1,3
BRF:8
BRH:8
end_of_record
TN:
SF:routes/user.js
FN:10,(anonymous_0)
FN:13,(anonymous_1)
FN:32,(anonymous_2)
FN:51,(anonymous_3)
FN:83,(anonymous_4)
FN:98,(anonymous_5)
FN:116,(anonymous_6)
FNF:7
FNH:7
FNDA:6,(anonymous_0)
FNDA:12,(anonymous_1)
FNDA:10,(anonymous_2)
FNDA:13,(anonymous_3)
FNDA:3,(anonymous_4)
FNDA:3,(anonymous_5)
FNDA:3,(anonymous_6)
DA:7,5
DA:10,6
DA:13,5
DA:14,12
DA:15,12
DA:16,12
DA:18,11
DA:19,10
DA:21,9
DA:22,9
DA:24,8
DA:26,1
DA:27,1
DA:32,5
DA:33,10
DA:34,10
DA:35,10
DA:37,10
DA:38,10
DA:40,9
DA:41,9
DA:43,9
DA:45,0
DA:46,0
DA:51,5
DA:52,13
DA:53,13
DA:55,13
DA:56,1
DA:59,12
DA:60,1
DA:63,11
DA:64,11
DA:66,10
DA:75,9
DA:77,1
DA:78,1
DA:83,5
DA:84,3
DA:85,3
DA:86,1
DA:87,1
DA:89,2
DA:90,1
DA:92,1
DA:93,1
DA:98,5
DA:99,3
DA:100,3
DA:104,1
DA:105,1
DA:107,2
DA:108,1
DA:110,1
DA:111,1
DA:116,5
DA:117,3
DA:118,3
DA:119,1
DA:120,1
DA:122,2
DA:123,1
DA:125,1
DA:126,1
LF:64
LH:62
BRDA:18,0,0,1
BRDA:18,0,1,10
BRDA:19,1,0,1
BRDA:19,1,1,9
BRDA:22,2,0,1
BRDA:22,2,1,8
BRDA:37,3,0,0
BRDA:37,3,1,10
BRDA:38,4,0,1
BRDA:38,4,1,9
BRDA:41,5,0,0
BRDA:41,5,1,9
BRDA:55,6,0,1
BRDA:55,6,1,12
BRDA:55,7,0,13
BRDA:55,7,1,12
BRDA:55,7,2,12
BRDA:55,7,3,12
BRDA:55,7,4,12
BRDA:55,7,5,12
BRDA:59,8,0,1
BRDA:59,8,1,11
BRDA:64,9,0,1
BRDA:64,9,1,10
BRDA:72,10,0,2
BRDA:72,10,1,8
BRDA:86,11,0,0
BRDA:86,11,1,1
BRDA:89,12,0,1
BRDA:89,12,1,1
BRDA:104,13,0,0
BRDA:104,13,1,1
BRDA:107,14,0,1
BRDA:107,14,1,1
BRDA:119,15,0,0
BRDA:119,15,1,1
BRDA:122,16,0,1
BRDA:122,16,1,1
BRF:38
BRH:33
end_of_record
TN:
SF:startup/db.js
FN:18,(anonymous_0)
FNF:1
FNH:1
FNDA:5,(anonymous_0)
DA:18,5
DA:19,5
DA:23,5
DA:24,0
DA:25,0
DA:28,5
DA:29,5
DA:33,5
DA:35,0
DA:36,0
LF:10
LH:6
BRDA:19,0,0,5
BRDA:19,0,1,0
BRDA:23,1,0,0
BRDA:23,1,1,5
BRF:4
BRH:2
end_of_record
